Vitest coverage summary
Generated with: npm run coverage (vitest run --coverage)


> frontend@0.0.0 coverage
> vitest run --coverage


 RUN  v5.0.0 /Users/prashansa/sezzle-calculator/frontend
      Coverage enabled with v8


 Test Files  2 passed (2)
      Tests  20 passed (20)
   Start at  18:58:37
   Duration  1.39s (tests 65%, environment 25%, setup 5%, transform 3%, worker 2%, import 1%)

 % Coverage report from v8
-------------------|---------|----------|---------|---------|-------------------
File               | % Stmts | % Branch | % Funcs | % Lines | Uncovered Line #s 
-------------------|---------|----------|---------|---------|-------------------
All files          |     100 |    98.73 |     100 |     100 |                   
 src/calculator    |     100 |    98.52 |     100 |     100 |                   
  Keypad.tsx       |     100 |       90 |     100 |     100 | 61                
-------------------|---------|----------|---------|---------|-------------------

=============================== Coverage summary ===============================
Statements   : 100% ( 133/133 )
Branches     : 98.73% ( 78/79 )
Functions    : 100% ( 27/27 )
Lines        : 100% ( 130/130 )
================================================================================

Notes:
- Statements, lines, and functions are all at 100%.
- The one remaining uncovered branch is Keypad.tsx, the
  "key.token !== undefined" check in handlePress's if/else-if chain.
  Every entry in the KEYS array always has either an action or a token,
  so the implicit "neither" fallthrough this guards against cannot
  currently occur; it is a defensive branch analogous to the backend's
  panic-recovery safety net, not a gap in test coverage of real
  behavior.
